
SQL*Loader: Release 11.2.0.2.0 - Production on Sáb Nov 14 00:17:58 2015

Copyright (c) 1982, 2009, Oracle and/or its affiliates.  All rights reserved.

Control File:   loadContiene.ctl
Data File:      contiene.txt
  Bad File:     contiene.bad
  Discard File:  none specified
 
 (Allow all discards)

Number to load: ALL
Number to skip: 0
Errors allowed: 50
Bind array:     64 rows, maximum of 256000 bytes
Continuation:    none specified
Path used:      Conventional

Table CONTIENE, loaded from every logical record.
Insert option in effect for this table: APPEND
TRAILING NULLCOLS option in effect

   Column Name                  Position   Len  Term Encl Datatype
------------------------------ ---------- ----- ---- ---- ---------------------
RESTAURANTE                         FIRST     *   ;       CHARACTER            
PLATO                                NEXT     *   ;       CHARACTER            
PEDIDO                               NEXT     *   ;       CHARACTER            
"precio con comisión"                NEXT     *   ;       CHARACTER            
UNIDADES                             NEXT     *   ;       CHARACTER            


Table CONTIENE:
  12 Rows successfully loaded.
  0 Rows not loaded due to data errors.
  0 Rows not loaded because all WHEN clauses were failed.
  0 Rows not loaded because all fields were null.


Space allocated for bind array:                  82560 bytes(64 rows)
Read   buffer bytes: 1048576

Total logical records skipped:          0
Total logical records read:            12
Total logical records rejected:         0
Total logical records discarded:        0

Run began on Sáb Nov 14 00:17:58 2015
Run ended on Sáb Nov 14 00:18:07 2015

Elapsed time was:     00:00:08.72
CPU time was:         00:00:00.11
