
SQL*Loader: Release 11.2.0.2.0 - Production on Vie Nov 13 23:28:21 2015

Copyright (c) 1982, 2009, Oracle and/or its affiliates.  All rights reserved.

Control File:   loadClientes.ctl
Data File:      clientes.txt
  Bad File:     clientes.bad
  Discard File:  none specified
 
 (Allow all discards)

Number to load: ALL
Number to skip: 0
Errors allowed: 50
Bind array:     64 rows, maximum of 256000 bytes
Continuation:    none specified
Path used:      Conventional

Table CLIENTES, loaded from every logical record.
Insert option in effect for this table: APPEND
TRAILING NULLCOLS option in effect

   Column Name                  Position   Len  Term Encl Datatype
------------------------------ ---------- ----- ---- ---- ---------------------
DNI                                 FIRST     *   ;       CHARACTER            
NOMBRE                               NEXT     *   ;       CHARACTER            
APELLIDO                             NEXT     *   ;       CHARACTER            
CALLE                                NEXT     *   ;       CHARACTER            
NUMERO                               NEXT     *   ;       CHARACTER            
PISO                                 NEXT     *   ;       CHARACTER            
LOCALIDAD                            NEXT     *   ;       CHARACTER            
"código postal"                      NEXT     *   ;       CHARACTER            
TELEFONO                             NEXT     *   ;       CHARACTER            
USUARIO                              NEXT     *   ;       CHARACTER            
CONTRASEÑA                           NEXT     *   ;       CHARACTER            


Table CLIENTES:
  4 Rows successfully loaded.
  0 Rows not loaded due to data errors.
  0 Rows not loaded because all WHEN clauses were failed.
  0 Rows not loaded because all fields were null.


Space allocated for bind array:                 181632 bytes(64 rows)
Read   buffer bytes: 1048576

Total logical records skipped:          0
Total logical records read:             4
Total logical records rejected:         0
Total logical records discarded:        0

Run began on Vie Nov 13 23:28:21 2015
Run ended on Vie Nov 13 23:28:28 2015

Elapsed time was:     00:00:07.51
CPU time was:         00:00:00.09
