
SQL*Loader: Release 11.2.0.2.0 - Production on Vie Nov 13 23:27:05 2015

Copyright (c) 1982, 2009, Oracle and/or its affiliates.  All rights reserved.

Control File:   loadHorarios.ctl
Data File:      horarios.txt
  Bad File:     horarios.bad
  Discard File:  none specified
 
 (Allow all discards)

Number to load: ALL
Number to skip: 0
Errors allowed: 50
Bind array:     64 rows, maximum of 256000 bytes
Continuation:    none specified
Path used:      Conventional

Table HORARIOS, loaded from every logical record.
Insert option in effect for this table: APPEND
TRAILING NULLCOLS option in effect

   Column Name                  Position   Len  Term Encl Datatype
------------------------------ ---------- ----- ---- ---- ---------------------
RESTAURANTE                         FIRST     *   ;       CHARACTER            
"dia semana"                         NEXT     *   ;       CHARACTER            
HORA_APERTURA                        NEXT     *   ;       CHARACTER            
    SQL string for column : "to_date(:hora_apertura,'HH24:MI')"
HORA_CIERRE                          NEXT     *   ;       CHARACTER            
    SQL string for column : "to_date(:hora_cierre,'HH24:MI')"


Table HORARIOS:
  16 Rows successfully loaded.
  0 Rows not loaded due to data errors.
  0 Rows not loaded because all WHEN clauses were failed.
  0 Rows not loaded because all fields were null.


Space allocated for bind array:                  66048 bytes(64 rows)
Read   buffer bytes: 1048576

Total logical records skipped:          0
Total logical records read:            16
Total logical records rejected:         0
Total logical records discarded:        0

Run began on Vie Nov 13 23:27:05 2015
Run ended on Vie Nov 13 23:27:13 2015

Elapsed time was:     00:00:07.59
CPU time was:         00:00:00.14
