
SQL*Loader: Release 11.2.0.2.0 - Production on Vie Nov 13 23:27:51 2015

Copyright (c) 1982, 2009, Oracle and/or its affiliates.  All rights reserved.

Control File:   loadPlatos.ctl
Data File:      platos.txt
  Bad File:     platos.bad
  Discard File:  none specified
 
 (Allow all discards)

Number to load: ALL
Number to skip: 0
Errors allowed: 50
Bind array:     64 rows, maximum of 256000 bytes
Continuation:    none specified
Path used:      Conventional

Table PLATOS, loaded from every logical record.
Insert option in effect for this table: APPEND
TRAILING NULLCOLS option in effect

   Column Name                  Position   Len  Term Encl Datatype
------------------------------ ---------- ----- ---- ---- ---------------------
RESTAURANTE                         FIRST     *   ;       CHARACTER            
NOMBRE                               NEXT     *   ;       CHARACTER            
PRECIO                               NEXT     *   ;       CHARACTER            
DESCRIPCION                          NEXT     *   ;       CHARACTER            
CATEGORIA                            NEXT     *   ;       CHARACTER            


Table PLATOS:
  10 Rows successfully loaded.
  0 Rows not loaded due to data errors.
  0 Rows not loaded because all WHEN clauses were failed.
  0 Rows not loaded because all fields were null.


Space allocated for bind array:                  82560 bytes(64 rows)
Read   buffer bytes: 1048576

Total logical records skipped:          0
Total logical records read:            10
Total logical records rejected:         0
Total logical records discarded:        0

Run began on Vie Nov 13 23:27:51 2015
Run ended on Vie Nov 13 23:27:57 2015

Elapsed time was:     00:00:06.05
CPU time was:         00:00:00.06
