
SQL*Loader: Release 11.2.0.2.0 - Production on Vie Nov 13 23:31:58 2015

Copyright (c) 1982, 2009, Oracle and/or its affiliates.  All rights reserved.

Control File:   loadPedidos.ctl
Data File:      pedidos.txt
  Bad File:     pedidos.bad
  Discard File:  none specified
 
 (Allow all discards)

Number to load: ALL
Number to skip: 0
Errors allowed: 50
Bind array:     64 rows, maximum of 256000 bytes
Continuation:    none specified
Path used:      Conventional

Table PEDIDOS, loaded from every logical record.
Insert option in effect for this table: APPEND
TRAILING NULLCOLS option in effect

   Column Name                  Position   Len  Term Encl Datatype
------------------------------ ---------- ----- ---- ---- ---------------------
CODIGO                              FIRST     *   ;       CHARACTER            
ESTADO                               NEXT     *   ;       CHARACTER            
FECHA_HORA_PEDIDO                    NEXT     *   ;       CHARACTER            
    SQL string for column : "to_date(:fecha_hora_pedido,'DD-MM-YY:HH24:MI')"
FECHA_HORA_ENTREGA                   NEXT     *   ;       CHARACTER            
    SQL string for column : "to_date(:fecha_hora_entrega,'DD-MM-YY:HH24:MI')"
"importe total"                      NEXT     *   ;       CHARACTER            
CLIENTE                              NEXT     *   ;       CHARACTER            
CODIGODESCUENTO                      NEXT     *   ;       CHARACTER            


Table PEDIDOS:
  9 Rows successfully loaded.
  0 Rows not loaded due to data errors.
  0 Rows not loaded because all WHEN clauses were failed.
  0 Rows not loaded because all fields were null.


Space allocated for bind array:                 115584 bytes(64 rows)
Read   buffer bytes: 1048576

Total logical records skipped:          0
Total logical records read:             9
Total logical records rejected:         0
Total logical records discarded:        0

Run began on Vie Nov 13 23:31:58 2015
Run ended on Vie Nov 13 23:32:07 2015

Elapsed time was:     00:00:08.70
CPU time was:         00:00:00.09
